SF:lib/state/ball_speed_provider.dart
DA:6,4
DA:8,1
DA:9,1
DA:10,1
DA:14,5
LF:5
LH:5
end_of_record
SF:lib/main.dart
DA:5,0
DA:6,0
DA:14,5
DA:16,0
DA:17,0
DA:21,0
LF:6
LH:1
end_of_record
SF:lib/screens/bounce_ball_screen.dart
DA:10,6
DA:12,1
DA:13,1
DA:21,1
DA:23,1
DA:25,1
DA:28,1
DA:29,3
DA:30,3
DA:31,3
DA:32,3
DA:34,2
DA:36,2
DA:42,2
DA:45,1
DA:46,1
DA:49,1
DA:50,0
DA:51,0
DA:56,0
DA:64,3
DA:65,1
DA:66,2
DA:67,1
DA:68,2
DA:69,0
DA:72,1
DA:73,0
DA:74,0
DA:75,0
DA:76,0
DA:77,0
DA:78,0
DA:82,0
DA:85,1
DA:86,0
DA:87,0
DA:88,0
DA:90,0
DA:91,0
DA:92,0
DA:94,0
DA:95,0
DA:101,1
DA:103,1
DA:104,1
DA:106,1
DA:107,3
DA:108,1
DA:110,1
DA:111,1
DA:112,1
DA:113,1
DA:114,1
DA:116,1
DA:118,1
DA:123,1
DA:125,1
DA:126,1
DA:127,1
DA:138,1
DA:139,3
DA:141,1
DA:143,1
DA:144,1
DA:145,1
DA:146,1
DA:148,2
DA:149,2
DA:152,1
DA:153,1
DA:155,3
DA:163,1
DA:164,3
DA:166,1
DA:167,1
DA:169,2
DA:171,1
DA:172,1
DA:176,1
DA:177,3
DA:179,1
DA:181,1
DA:183,1
DA:185,2
DA:188,3
DA:189,0
DA:190,0
DA:191,0
DA:192,0
DA:193,0
DA:194,0
DA:201,1
DA:202,3
DA:203,3
DA:204,3
DA:206,1
DA:208,1
DA:209,0
DA:210,0
DA:211,0
DA:212,0
DA:213,0
DA:214,0
DA:215,0
DA:217,1
DA:220,1
DA:222,1
DA:227,1
DA:229,5
DA:240,1
DA:242,2
DA:243,1
LF:113
LH:81
end_of_record
SF:lib/state/ball_size_provider.dart
DA:6,4
DA:9,4
DA:12,4
DA:14,1
DA:15,2
DA:16,1
DA:19,2
DA:20,4
DA:21,2
DA:24,2
DA:25,2
DA:26,2
DA:29,1
DA:30,1
DA:31,1
DA:35,5
LF:16
LH:16
end_of_record
SF:lib/state/reset_provider.dart
DA:6,2
DA:8,1
DA:9,1
DA:10,1
DA:14,10
LF:5
LH:5
end_of_record
SF:lib/state/screen_shake_provider.dart
DA:6,4
DA:8,1
DA:9,1
DA:10,1
DA:14,2
DA:15,3
LF:6
LH:6
end_of_record
